Using pre-set license

 COMMAND LINE ARGUMENTS:
/Users/kuanyiwu/Documents/GitHub/2020.3.13f1/Unity.app/Contents/MacOS/Unity
-adb2
-batchMode
-noUpm
-name
AssetImportWorker0
-projectPath
/Users/kuanyiwu/Documents/GitHub/XReality/Workshops/Game Projects/VR Workshop/VRWorkshop/VR Setup
-logFile
Logs/AssetImportWorker0.log
-srvPort
60292
Successfully changed project path to: /Users/kuanyiwu/Documents/GitHub/XReality/Workshops/Game Projects/VR Workshop/VRWorkshop/VR Setup
/Users/kuanyiwu/Documents/GitHub/XReality/Workshops/Game Projects/VR Workshop/VRWorkshop/VR Setup
Using Asset Import Pipeline V2.
Refreshing native plugins compatible for Editor in 72.83 ms, found 6 plugins.
Preloading 1 native plugins for Editor in 5.74 ms.
Initialize engine version: 2020.3.13f1 (71691879b7f5)
[Subsystems] Discovering subsystems at path /Users/kuanyiwu/Documents/GitHub/2020.3.13f1/Unity.app/Contents/Resources/UnitySubsystems
[Subsystems] Discovering subsystems at path /Users/kuanyiwu/Documents/GitHub/XReality/Workshops/Game Projects/VR Workshop/VRWorkshop/VR Setup/Assets
GfxDevice: creating device client; threaded=0
2021-11-18 16:55:45.202 Unity[6030:257779] Color LCD preferred device: AMD Radeon Pro Vega 20 (high power)
2021-11-18 16:55:45.202 Unity[6030:257779] Metal devices available: 2
2021-11-18 16:55:45.202 Unity[6030:257779] 0: AMD Radeon Pro Vega 20 (high power)
2021-11-18 16:55:45.202 Unity[6030:257779] 1: Intel(R) UHD Graphics 630 (low power)
2021-11-18 16:55:45.202 Unity[6030:257779] Using device AMD Radeon Pro Vega 20 (high power)
Initializing Metal device caps: AMD Radeon Pro Vega 20
Shader 'Oculus/OVRMRCameraFrameLit': fallback shader 'Alpha-Diffuse' not found
Initialize mono
Mono path[0] = '/Users/kuanyiwu/Documents/GitHub/2020.3.13f1/Unity.app/Contents/Managed'
Mono path[1] = '/Users/kuanyiwu/Documents/GitHub/2020.3.13f1/Unity.app/Contents/MonoBleedingEdge/lib/mono/unityjit'
Mono config path = '/Users/kuanyiwu/Documents/GitHub/2020.3.13f1/Unity.app/Contents/MonoBleedingEdge/etc'
Using monoOptions --debugger-agent=transport=dt_socket,embedding=1,server=y,suspend=n,address=127.0.0.1:56030
Begin MonoManager ReloadAssembly
Registering precompiled unity dll's ...
Register platform support module: /Users/kuanyiwu/Documents/GitHub/2020.3.13f1/Unity.app/Contents/PlaybackEngines/MacStandaloneSupport/UnityEditor.OSXStandalone.Extensions.dll
Registered in 0.000953 seconds.
Native extension for OSXStandalone target not found
Refreshing native plugins compatible for Editor in 64.58 ms, found 6 plugins.
Preloading 1 native plugins for Editor in 0.67 ms.
Mono: successfully reloaded assembly
- Completed reload, in  3.927 seconds
Platform modules already initialized, skipping
Registering precompiled user dll's ...
Registered in 0.005192 seconds.
Begin MonoManager ReloadAssembly
Native extension for OSXStandalone target not found
Refreshing native plugins compatible for Editor in 61.80 ms, found 6 plugins.
Preloading 1 native plugins for Editor in 0.90 ms.
Mono: successfully reloaded assembly
- Completed reload, in  1.469 seconds
Platform modules already initialized, skipping
========================================================================
Worker process is ready to serve import requests
Shader 'Oculus/OVRMRCameraFrameLit': fallback shader 'Alpha-Diffuse' not found
Launching external process: /Users/kuanyiwu/Documents/GitHub/2020.3.13f1/Unity.app/Contents/Tools/UnityShaderCompiler
Launched and connected shader compiler UnityShaderCompiler after 0.01 seconds
Refreshing native plugins compatible for Editor in 0.94 ms, found 6 plugins.
Preloading 1 native plugins for Editor in 0.75 ms.
Unloading 2613 Unused Serialized files (Serialized files now loaded: 0)
System memory in use before: 207.8 MB.
System memory in use after: 207.7 MB.

Unloading 47 unused Assets to reduce memory usage. Loaded Objects now: 3031.
Total: 3.338009 ms (FindLiveObjects: 0.307784 ms CreateObjectMapping: 0.130579 ms MarkObjects: 2.527628 ms  DeleteObjects: 0.370643 ms)

AssetImportParameters requested are different than current active one (requested -> active):
  custom:video-decoder-ogg-theora: a1e56fd34408186e4bbccfd4996cb3dc -> 
  custom:container-muxer-webm: aa71ff27fc2769a1b78a27578f13a17b -> 
  custom:container-demuxer-webm: 4f35f7cbe854078d1ac9338744f61a02 -> 
  custom:container-demuxer-ogg: 62fdf1f143b41e24485cea50d1cbac27 -> 
  custom:video-encoder-webm-vp8: eb34c28f22e8b96e1ab97ce403110664 -> 
  custom:framework-osx-AVFoundation: e770b220cccbd017edd2c1fefb359320 -> 
  custom:video-decoder-webm-vp8: 9c59270c3fd7afecdb556c50c9e8de78 -> 
  custom:audio-decoder-ogg-vorbis: bf7c407c2cedff20999df2af8eb42d56 -> 
  custom:audio-encoder-webm-vorbis: bf7c407c2cedff20999df2af8eb42d56 -> 
========================================================================
Received Import Request.
  path: Assets/Scenes/SampleScene.unity
  artifactKey: Guid(9fc0d4010bbf28b4594072e72b8655ab) Importer(815301076,1909f56bfc062723c751e8b465ee728b)
Start importing Assets/Scenes/SampleScene.unity using Guid(9fc0d4010bbf28b4594072e72b8655ab) Importer(815301076,1909f56bfc062723c751e8b465ee728b)  -> (artifact id: '85059f4f9e1a832ed95adaa0d25c5c4c') in 0.015493 seconds 
  Import took 0.019661 seconds .

========================================================================
Received Import Request.
  Time since last request: 232.353401 seconds.
  path: Assets/Materials
  artifactKey: Guid(8a4ebdf7aaba340a9baba2c40cf70618) Importer(815301076,1909f56bfc062723c751e8b465ee728b)
Start importing Assets/Materials using Guid(8a4ebdf7aaba340a9baba2c40cf70618) Importer(815301076,1909f56bfc062723c751e8b465ee728b)  -> (artifact id: '27c6eb13463b8db08c44d3d53ebd4783') in 0.003786 seconds 
  Import took 0.010204 seconds .

========================================================================
Received Import Request.
  Time since last request: 6.222295 seconds.
  path: Assets/Materials/New Flare.flare
  artifactKey: Guid(9f90979a2d9a149a68a7eb45baf8f466) Importer(815301076,1909f56bfc062723c751e8b465ee728b)
Start importing Assets/Materials/New Flare.flare using Guid(9f90979a2d9a149a68a7eb45baf8f466) Importer(815301076,1909f56bfc062723c751e8b465ee728b)  -> (artifact id: '19e817956178d525932d70af8e86e9cf') in 1.571760 seconds 
  Import took 1.577052 seconds .

========================================================================
Received Import Request.
  Time since last request: 882.420600 seconds.
  path: Assets/Oculus/VR/Prefabs/OVRControllerPrefab.prefab
  artifactKey: Guid(d9809c5e8418bb047bf2c8ba1d1a2cec) Importer(815301076,1909f56bfc062723c751e8b465ee728b)
Start importing Assets/Oculus/VR/Prefabs/OVRControllerPrefab.prefab using Guid(d9809c5e8418bb047bf2c8ba1d1a2cec) Importer(815301076,1909f56bfc062723c751e8b465ee728b)  -> (artifact id: 'fb0e0c3ef165bf1f239735625190ac7e') in 0.928854 seconds 
  Import took 0.934692 seconds .

========================================================================
Received Prepare
Shader 'Oculus/OVRMRCameraFrameLit': fallback shader 'Alpha-Diffuse' not found
Refreshing native plugins compatible for Editor in 164.68 ms, found 6 plugins.
Preloading 1 native plugins for Editor in 0.94 ms.
Unloading 37 Unused Serialized files (Serialized files now loaded: 0)
System memory in use before: 179.7 MB.
System memory in use after: 179.6 MB.

Unloading 37 unused Assets to reduce memory usage. Loaded Objects now: 3039.
Total: 5.330419 ms (FindLiveObjects: 0.335243 ms CreateObjectMapping: 0.144309 ms MarkObjects: 4.420537 ms  DeleteObjects: 0.428836 ms)

AssetImportParameters requested are different than current active one (requested -> active):
  custom:video-decoder-ogg-theora: a1e56fd34408186e4bbccfd4996cb3dc -> 
  custom:container-muxer-webm: aa71ff27fc2769a1b78a27578f13a17b -> 
  custom:container-demuxer-webm: 4f35f7cbe854078d1ac9338744f61a02 -> 
  custom:container-demuxer-ogg: 62fdf1f143b41e24485cea50d1cbac27 -> 
  custom:video-encoder-webm-vp8: eb34c28f22e8b96e1ab97ce403110664 -> 
  custom:framework-osx-AVFoundation: e770b220cccbd017edd2c1fefb359320 -> 
  custom:video-decoder-webm-vp8: 9c59270c3fd7afecdb556c50c9e8de78 -> 
  custom:audio-decoder-ogg-vorbis: bf7c407c2cedff20999df2af8eb42d56 -> 
  custom:audio-encoder-webm-vorbis: bf7c407c2cedff20999df2af8eb42d56 -> 
========================================================================
Received Prepare
Shader 'Oculus/OVRMRCameraFrameLit': fallback shader 'Alpha-Diffuse' not found
Refreshing native plugins compatible for Editor in 65.57 ms, found 6 plugins.
Preloading 1 native plugins for Editor in 1.14 ms.
Unloading 37 Unused Serialized files (Serialized files now loaded: 0)
System memory in use before: 179.9 MB.
System memory in use after: 179.8 MB.

Unloading 37 unused Assets to reduce memory usage. Loaded Objects now: 3039.
Total: 4.036846 ms (FindLiveObjects: 0.283263 ms CreateObjectMapping: 0.125123 ms MarkObjects: 3.225399 ms  DeleteObjects: 0.402115 ms)

AssetImportParameters requested are different than current active one (requested -> active):
  custom:video-decoder-ogg-theora: a1e56fd34408186e4bbccfd4996cb3dc -> 
  custom:container-muxer-webm: aa71ff27fc2769a1b78a27578f13a17b -> 
  custom:container-demuxer-webm: 4f35f7cbe854078d1ac9338744f61a02 -> 
  custom:container-demuxer-ogg: 62fdf1f143b41e24485cea50d1cbac27 -> 
  custom:video-encoder-webm-vp8: eb34c28f22e8b96e1ab97ce403110664 -> 
  custom:framework-osx-AVFoundation: e770b220cccbd017edd2c1fefb359320 -> 
  custom:video-decoder-webm-vp8: 9c59270c3fd7afecdb556c50c9e8de78 -> 
  custom:audio-decoder-ogg-vorbis: bf7c407c2cedff20999df2af8eb42d56 -> 
  custom:audio-encoder-webm-vorbis: bf7c407c2cedff20999df2af8eb42d56 -> 
========================================================================
Received Import Request.
  Time since last request: 1825.060633 seconds.
  path: Assets/Scenes/Test.unity
  artifactKey: Guid(c38f59a1fbea0431ea2bcc5283cead00) Importer(815301076,1909f56bfc062723c751e8b465ee728b)
Start importing Assets/Scenes/Test.unity using Guid(c38f59a1fbea0431ea2bcc5283cead00) Importer(815301076,1909f56bfc062723c751e8b465ee728b)  -> (artifact id: '7a32db5505928a0d85eb865880a208b7') in 0.009787 seconds 
  Import took 0.014991 seconds .

========================================================================
Received Prepare
Shader 'Oculus/OVRMRCameraFrameLit': fallback shader 'Alpha-Diffuse' not found
Refreshing native plugins compatible for Editor in 177.85 ms, found 6 plugins.
Preloading 1 native plugins for Editor in 0.95 ms.
Unloading 37 Unused Serialized files (Serialized files now loaded: 0)
System memory in use before: 180.0 MB.
System memory in use after: 179.9 MB.

Unloading 37 unused Assets to reduce memory usage. Loaded Objects now: 3039.
Total: 3.466667 ms (FindLiveObjects: 0.277972 ms CreateObjectMapping: 0.124165 ms MarkObjects: 2.683539 ms  DeleteObjects: 0.380127 ms)

AssetImportParameters requested are different than current active one (requested -> active):
  custom:video-decoder-ogg-theora: a1e56fd34408186e4bbccfd4996cb3dc -> 
  custom:container-muxer-webm: aa71ff27fc2769a1b78a27578f13a17b -> 
  custom:container-demuxer-webm: 4f35f7cbe854078d1ac9338744f61a02 -> 
  custom:container-demuxer-ogg: 62fdf1f143b41e24485cea50d1cbac27 -> 
  custom:video-encoder-webm-vp8: eb34c28f22e8b96e1ab97ce403110664 -> 
  custom:framework-osx-AVFoundation: e770b220cccbd017edd2c1fefb359320 -> 
  custom:video-decoder-webm-vp8: 9c59270c3fd7afecdb556c50c9e8de78 -> 
  custom:audio-decoder-ogg-vorbis: bf7c407c2cedff20999df2af8eb42d56 -> 
  custom:audio-encoder-webm-vorbis: bf7c407c2cedff20999df2af8eb42d56 -> 
========================================================================
Received Prepare
Shader 'Oculus/OVRMRCameraFrameLit': fallback shader 'Alpha-Diffuse' not found
Refreshing native plugins compatible for Editor in 20.35 ms, found 6 plugins.
Preloading 1 native plugins for Editor in 0.49 ms.
Unloading 37 Unused Serialized files (Serialized files now loaded: 0)
System memory in use before: 180.3 MB.
System memory in use after: 180.2 MB.

Unloading 37 unused Assets to reduce memory usage. Loaded Objects now: 3039.
Total: 2.950738 ms (FindLiveObjects: 0.229111 ms CreateObjectMapping: 0.093739 ms MarkObjects: 2.327952 ms  DeleteObjects: 0.299434 ms)

AssetImportParameters requested are different than current active one (requested -> active):
  custom:video-decoder-ogg-theora: a1e56fd34408186e4bbccfd4996cb3dc -> 
  custom:container-muxer-webm: aa71ff27fc2769a1b78a27578f13a17b -> 
  custom:container-demuxer-webm: 4f35f7cbe854078d1ac9338744f61a02 -> 
  custom:container-demuxer-ogg: 62fdf1f143b41e24485cea50d1cbac27 -> 
  custom:video-encoder-webm-vp8: eb34c28f22e8b96e1ab97ce403110664 -> 
  custom:framework-osx-AVFoundation: e770b220cccbd017edd2c1fefb359320 -> 
  custom:video-decoder-webm-vp8: 9c59270c3fd7afecdb556c50c9e8de78 -> 
  custom:audio-decoder-ogg-vorbis: bf7c407c2cedff20999df2af8eb42d56 -> 
  custom:audio-encoder-webm-vorbis: bf7c407c2cedff20999df2af8eb42d56 -> 
========================================================================
Received Prepare
Shader 'Oculus/OVRMRCameraFrameLit': fallback shader 'Alpha-Diffuse' not found
Refreshing native plugins compatible for Editor in 21.09 ms, found 6 plugins.
Preloading 1 native plugins for Editor in 0.54 ms.
Unloading 37 Unused Serialized files (Serialized files now loaded: 0)
System memory in use before: 180.4 MB.
System memory in use after: 180.3 MB.

Unloading 37 unused Assets to reduce memory usage. Loaded Objects now: 3039.
Total: 2.732187 ms (FindLiveObjects: 0.246877 ms CreateObjectMapping: 0.105790 ms MarkObjects: 2.068250 ms  DeleteObjects: 0.310679 ms)

AssetImportParameters requested are different than current active one (requested -> active):
  custom:video-decoder-ogg-theora: a1e56fd34408186e4bbccfd4996cb3dc -> 
  custom:container-muxer-webm: aa71ff27fc2769a1b78a27578f13a17b -> 
  custom:container-demuxer-webm: 4f35f7cbe854078d1ac9338744f61a02 -> 
  custom:container-demuxer-ogg: 62fdf1f143b41e24485cea50d1cbac27 -> 
  custom:video-encoder-webm-vp8: eb34c28f22e8b96e1ab97ce403110664 -> 
  custom:framework-osx-AVFoundation: e770b220cccbd017edd2c1fefb359320 -> 
  custom:video-decoder-webm-vp8: 9c59270c3fd7afecdb556c50c9e8de78 -> 
  custom:audio-decoder-ogg-vorbis: bf7c407c2cedff20999df2af8eb42d56 -> 
  custom:audio-encoder-webm-vorbis: bf7c407c2cedff20999df2af8eb42d56 -> 
========================================================================
Received Prepare
Shader 'Oculus/OVRMRCameraFrameLit': fallback shader 'Alpha-Diffuse' not found
Refreshing native plugins compatible for Editor in 12.91 ms, found 6 plugins.
Preloading 1 native plugins for Editor in 0.61 ms.
Unloading 37 Unused Serialized files (Serialized files now loaded: 0)
System memory in use before: 180.5 MB.
System memory in use after: 180.4 MB.

Unloading 37 unused Assets to reduce memory usage. Loaded Objects now: 3039.
Total: 4.194346 ms (FindLiveObjects: 0.316014 ms CreateObjectMapping: 0.141217 ms MarkObjects: 3.335238 ms  DeleteObjects: 0.400586 ms)

AssetImportParameters requested are different than current active one (requested -> active):
  custom:video-decoder-ogg-theora: a1e56fd34408186e4bbccfd4996cb3dc -> 
  custom:container-muxer-webm: aa71ff27fc2769a1b78a27578f13a17b -> 
  custom:container-demuxer-webm: 4f35f7cbe854078d1ac9338744f61a02 -> 
  custom:container-demuxer-ogg: 62fdf1f143b41e24485cea50d1cbac27 -> 
  custom:video-encoder-webm-vp8: eb34c28f22e8b96e1ab97ce403110664 -> 
  custom:framework-osx-AVFoundation: e770b220cccbd017edd2c1fefb359320 -> 
  custom:video-decoder-webm-vp8: 9c59270c3fd7afecdb556c50c9e8de78 -> 
  custom:audio-decoder-ogg-vorbis: bf7c407c2cedff20999df2af8eb42d56 -> 
  custom:audio-encoder-webm-vorbis: bf7c407c2cedff20999df2af8eb42d56 -> 
========================================================================
Received Prepare
Shader 'Oculus/OVRMRCameraFrameLit': fallback shader 'Alpha-Diffuse' not found
Refreshing native plugins compatible for Editor in 10.47 ms, found 6 plugins.
Preloading 1 native plugins for Editor in 0.52 ms.
Unloading 37 Unused Serialized files (Serialized files now loaded: 0)
System memory in use before: 180.6 MB.
System memory in use after: 180.5 MB.

Unloading 37 unused Assets to reduce memory usage. Loaded Objects now: 3039.
Total: 3.049158 ms (FindLiveObjects: 0.250968 ms CreateObjectMapping: 0.107321 ms MarkObjects: 2.380489 ms  DeleteObjects: 0.309781 ms)

AssetImportParameters requested are different than current active one (requested -> active):
  custom:video-decoder-ogg-theora: a1e56fd34408186e4bbccfd4996cb3dc -> 
  custom:container-muxer-webm: aa71ff27fc2769a1b78a27578f13a17b -> 
  custom:container-demuxer-webm: 4f35f7cbe854078d1ac9338744f61a02 -> 
  custom:container-demuxer-ogg: 62fdf1f143b41e24485cea50d1cbac27 -> 
  custom:video-encoder-webm-vp8: eb34c28f22e8b96e1ab97ce403110664 -> 
  custom:framework-osx-AVFoundation: e770b220cccbd017edd2c1fefb359320 -> 
  custom:video-decoder-webm-vp8: 9c59270c3fd7afecdb556c50c9e8de78 -> 
  custom:audio-decoder-ogg-vorbis: bf7c407c2cedff20999df2af8eb42d56 -> 
  custom:audio-encoder-webm-vorbis: bf7c407c2cedff20999df2af8eb42d56 -> 
========================================================================
Received Prepare
Shader 'Oculus/OVRMRCameraFrameLit': fallback shader 'Alpha-Diffuse' not found
Refreshing native plugins compatible for Editor in 9.41 ms, found 6 plugins.
Preloading 1 native plugins for Editor in 0.58 ms.
Unloading 37 Unused Serialized files (Serialized files now loaded: 0)
System memory in use before: 180.8 MB.
System memory in use after: 180.8 MB.

Unloading 37 unused Assets to reduce memory usage. Loaded Objects now: 3039.
Total: 3.632355 ms (FindLiveObjects: 0.269012 ms CreateObjectMapping: 0.117181 ms MarkObjects: 2.887127 ms  DeleteObjects: 0.357943 ms)

AssetImportParameters requested are different than current active one (requested -> active):
  custom:video-decoder-ogg-theora: a1e56fd34408186e4bbccfd4996cb3dc -> 
  custom:container-muxer-webm: aa71ff27fc2769a1b78a27578f13a17b -> 
  custom:container-demuxer-webm: 4f35f7cbe854078d1ac9338744f61a02 -> 
  custom:container-demuxer-ogg: 62fdf1f143b41e24485cea50d1cbac27 -> 
  custom:video-encoder-webm-vp8: eb34c28f22e8b96e1ab97ce403110664 -> 
  custom:framework-osx-AVFoundation: e770b220cccbd017edd2c1fefb359320 -> 
  custom:video-decoder-webm-vp8: 9c59270c3fd7afecdb556c50c9e8de78 -> 
  custom:audio-decoder-ogg-vorbis: bf7c407c2cedff20999df2af8eb42d56 -> 
  custom:audio-encoder-webm-vorbis: bf7c407c2cedff20999df2af8eb42d56 -> 
========================================================================
Received Prepare
Shader 'Oculus/OVRMRCameraFrameLit': fallback shader 'Alpha-Diffuse' not found
Refreshing native plugins compatible for Editor in 10.84 ms, found 6 plugins.
Preloading 1 native plugins for Editor in 0.65 ms.
Unloading 37 Unused Serialized files (Serialized files now loaded: 0)
System memory in use before: 180.9 MB.
System memory in use after: 180.9 MB.

Unloading 37 unused Assets to reduce memory usage. Loaded Objects now: 3039.
Total: 3.287116 ms (FindLiveObjects: 0.286412 ms CreateObjectMapping: 0.127849 ms MarkObjects: 2.524398 ms  DeleteObjects: 0.347764 ms)

AssetImportParameters requested are different than current active one (requested -> active):
  custom:video-decoder-ogg-theora: a1e56fd34408186e4bbccfd4996cb3dc -> 
  custom:container-muxer-webm: aa71ff27fc2769a1b78a27578f13a17b -> 
  custom:container-demuxer-webm: 4f35f7cbe854078d1ac9338744f61a02 -> 
  custom:container-demuxer-ogg: 62fdf1f143b41e24485cea50d1cbac27 -> 
  custom:video-encoder-webm-vp8: eb34c28f22e8b96e1ab97ce403110664 -> 
  custom:framework-osx-AVFoundation: e770b220cccbd017edd2c1fefb359320 -> 
  custom:video-decoder-webm-vp8: 9c59270c3fd7afecdb556c50c9e8de78 -> 
  custom:audio-decoder-ogg-vorbis: bf7c407c2cedff20999df2af8eb42d56 -> 
  custom:audio-encoder-webm-vorbis: bf7c407c2cedff20999df2af8eb42d56 -> 
========================================================================
Received Prepare
Shader 'Oculus/OVRMRCameraFrameLit': fallback shader 'Alpha-Diffuse' not found
Refreshing native plugins compatible for Editor in 9.29 ms, found 6 plugins.
Preloading 1 native plugins for Editor in 0.62 ms.
Unloading 37 Unused Serialized files (Serialized files now loaded: 0)
System memory in use before: 181.2 MB.
System memory in use after: 181.1 MB.

Unloading 37 unused Assets to reduce memory usage. Loaded Objects now: 3039.
Total: 3.258066 ms (FindLiveObjects: 0.294042 ms CreateObjectMapping: 0.142890 ms MarkObjects: 2.451426 ms  DeleteObjects: 0.368926 ms)

AssetImportParameters requested are different than current active one (requested -> active):
  custom:video-decoder-ogg-theora: a1e56fd34408186e4bbccfd4996cb3dc -> 
  custom:container-muxer-webm: aa71ff27fc2769a1b78a27578f13a17b -> 
  custom:container-demuxer-webm: 4f35f7cbe854078d1ac9338744f61a02 -> 
  custom:container-demuxer-ogg: 62fdf1f143b41e24485cea50d1cbac27 -> 
  custom:video-encoder-webm-vp8: eb34c28f22e8b96e1ab97ce403110664 -> 
  custom:framework-osx-AVFoundation: e770b220cccbd017edd2c1fefb359320 -> 
  custom:video-decoder-webm-vp8: 9c59270c3fd7afecdb556c50c9e8de78 -> 
  custom:audio-decoder-ogg-vorbis: bf7c407c2cedff20999df2af8eb42d56 -> 
  custom:audio-encoder-webm-vorbis: bf7c407c2cedff20999df2af8eb42d56 -> 
========================================================================
Received Prepare
Shader 'Oculus/OVRMRCameraFrameLit': fallback shader 'Alpha-Diffuse' not found
Refreshing native plugins compatible for Editor in 10.18 ms, found 6 plugins.
Preloading 1 native plugins for Editor in 0.58 ms.
Unloading 37 Unused Serialized files (Serialized files now loaded: 0)
System memory in use before: 181.3 MB.
System memory in use after: 181.2 MB.

Unloading 37 unused Assets to reduce memory usage. Loaded Objects now: 3039.
Total: 2.981676 ms (FindLiveObjects: 0.257101 ms CreateObjectMapping: 0.117353 ms MarkObjects: 2.269324 ms  DeleteObjects: 0.337313 ms)

AssetImportParameters requested are different than current active one (requested -> active):
  custom:video-decoder-ogg-theora: a1e56fd34408186e4bbccfd4996cb3dc -> 
  custom:container-muxer-webm: aa71ff27fc2769a1b78a27578f13a17b -> 
  custom:container-demuxer-webm: 4f35f7cbe854078d1ac9338744f61a02 -> 
  custom:container-demuxer-ogg: 62fdf1f143b41e24485cea50d1cbac27 -> 
  custom:video-encoder-webm-vp8: eb34c28f22e8b96e1ab97ce403110664 -> 
  custom:framework-osx-AVFoundation: e770b220cccbd017edd2c1fefb359320 -> 
  custom:video-decoder-webm-vp8: 9c59270c3fd7afecdb556c50c9e8de78 -> 
  custom:audio-decoder-ogg-vorbis: bf7c407c2cedff20999df2af8eb42d56 -> 
  custom:audio-encoder-webm-vorbis: bf7c407c2cedff20999df2af8eb42d56 -> 
========================================================================
Received Prepare
Shader 'Oculus/OVRMRCameraFrameLit': fallback shader 'Alpha-Diffuse' not found
Refreshing native plugins compatible for Editor in 9.31 ms, found 6 plugins.
Preloading 1 native plugins for Editor in 0.58 ms.
Unloading 37 Unused Serialized files (Serialized files now loaded: 0)
System memory in use before: 181.4 MB.
System memory in use after: 181.3 MB.

Unloading 37 unused Assets to reduce memory usage. Loaded Objects now: 3039.
Total: 3.253332 ms (FindLiveObjects: 0.272941 ms CreateObjectMapping: 0.111886 ms MarkObjects: 2.515397 ms  DeleteObjects: 0.352329 ms)

AssetImportParameters requested are different than current active one (requested -> active):
  custom:video-decoder-ogg-theora: a1e56fd34408186e4bbccfd4996cb3dc -> 
  custom:container-muxer-webm: aa71ff27fc2769a1b78a27578f13a17b -> 
  custom:container-demuxer-webm: 4f35f7cbe854078d1ac9338744f61a02 -> 
  custom:container-demuxer-ogg: 62fdf1f143b41e24485cea50d1cbac27 -> 
  custom:video-encoder-webm-vp8: eb34c28f22e8b96e1ab97ce403110664 -> 
  custom:framework-osx-AVFoundation: e770b220cccbd017edd2c1fefb359320 -> 
  custom:video-decoder-webm-vp8: 9c59270c3fd7afecdb556c50c9e8de78 -> 
  custom:audio-decoder-ogg-vorbis: bf7c407c2cedff20999df2af8eb42d56 -> 
  custom:audio-encoder-webm-vorbis: bf7c407c2cedff20999df2af8eb42d56 -> 
