Using pre-set license

 COMMAND LINE ARGUMENTS:
/Users/kuanyiwu/Documents/GitHub/2020.3.13f1/Unity.app/Contents/MacOS/Unity
-adb2
-batchMode
-noUpm
-name
AssetImportWorker0
-projectPath
/Users/kuanyiwu/Documents/GitHub/XReality/Workshops/Game Projects/VR Workshop/VRWorkshop/Maze Game
-logFile
Logs/AssetImportWorker0.log
-srvPort
49856
Successfully changed project path to: /Users/kuanyiwu/Documents/GitHub/XReality/Workshops/Game Projects/VR Workshop/VRWorkshop/Maze Game
/Users/kuanyiwu/Documents/GitHub/XReality/Workshops/Game Projects/VR Workshop/VRWorkshop/Maze Game
Using Asset Import Pipeline V2.
Refreshing native plugins compatible for Editor in 110.89 ms, found 6 plugins.
Preloading 1 native plugins for Editor in 7.09 ms.
Initialize engine version: 2020.3.13f1 (71691879b7f5)
[Subsystems] Discovering subsystems at path /Users/kuanyiwu/Documents/GitHub/2020.3.13f1/Unity.app/Contents/Resources/UnitySubsystems
[Subsystems] Discovering subsystems at path /Users/kuanyiwu/Documents/GitHub/XReality/Workshops/Game Projects/VR Workshop/VRWorkshop/Maze Game/Assets
GfxDevice: creating device client; threaded=0
2022-01-06 16:40:58.262 Unity[1230:13591] Color LCD preferred device: AMD Radeon Pro Vega 20 (high power)
2022-01-06 16:40:58.262 Unity[1230:13591] Metal devices available: 2
2022-01-06 16:40:58.262 Unity[1230:13591] 0: AMD Radeon Pro Vega 20 (high power)
2022-01-06 16:40:58.262 Unity[1230:13591] 1: Intel(R) UHD Graphics 630 (low power)
2022-01-06 16:40:58.262 Unity[1230:13591] Using device AMD Radeon Pro Vega 20 (high power)
Initializing Metal device caps: AMD Radeon Pro Vega 20
Shader 'Oculus/OVRMRCameraFrameLit': fallback shader 'Alpha-Diffuse' not found
Initialize mono
Mono path[0] = '/Users/kuanyiwu/Documents/GitHub/2020.3.13f1/Unity.app/Contents/Managed'
Mono path[1] = '/Users/kuanyiwu/Documents/GitHub/2020.3.13f1/Unity.app/Contents/MonoBleedingEdge/lib/mono/unityjit'
Mono config path = '/Users/kuanyiwu/Documents/GitHub/2020.3.13f1/Unity.app/Contents/MonoBleedingEdge/etc'
Using monoOptions --debugger-agent=transport=dt_socket,embedding=1,server=y,suspend=n,address=127.0.0.1:56230
Begin MonoManager ReloadAssembly
Registering precompiled unity dll's ...
Register platform support module: /Users/kuanyiwu/Documents/GitHub/2020.3.13f1/Unity.app/Contents/PlaybackEngines/MacStandaloneSupport/UnityEditor.OSXStandalone.Extensions.dll
Registered in 0.000850 seconds.
Native extension for OSXStandalone target not found
Refreshing native plugins compatible for Editor in 60.94 ms, found 6 plugins.
Preloading 1 native plugins for Editor in 0.65 ms.
Mono: successfully reloaded assembly
- Completed reload, in  4.696 seconds
Platform modules already initialized, skipping
Registering precompiled user dll's ...
Registered in 0.011741 seconds.
Begin MonoManager ReloadAssembly
Native extension for OSXStandalone target not found
Refreshing native plugins compatible for Editor in 66.46 ms, found 6 plugins.
Preloading 1 native plugins for Editor in 0.62 ms.
Mono: successfully reloaded assembly
- Completed reload, in  1.328 seconds
Platform modules already initialized, skipping
========================================================================
Worker process is ready to serve import requests
Shader 'Oculus/OVRMRCameraFrameLit': fallback shader 'Alpha-Diffuse' not found
Launching external process: /Users/kuanyiwu/Documents/GitHub/2020.3.13f1/Unity.app/Contents/Tools/UnityShaderCompiler
Launched and connected shader compiler UnityShaderCompiler after 0.01 seconds
Refreshing native plugins compatible for Editor in 0.73 ms, found 6 plugins.
Preloading 1 native plugins for Editor in 0.48 ms.
Unloading 3015 Unused Serialized files (Serialized files now loaded: 0)
System memory in use before: 226.7 MB.
System memory in use after: 226.6 MB.

Unloading 47 unused Assets to reduce memory usage. Loaded Objects now: 3436.
Total: 2.973566 ms (FindLiveObjects: 0.339370 ms CreateObjectMapping: 0.155751 ms MarkObjects: 2.097538 ms  DeleteObjects: 0.380083 ms)

AssetImportParameters requested are different than current active one (requested -> active):
  custom:video-decoder-ogg-theora: a1e56fd34408186e4bbccfd4996cb3dc -> 
  custom:container-muxer-webm: aa71ff27fc2769a1b78a27578f13a17b -> 
  custom:container-demuxer-webm: 4f35f7cbe854078d1ac9338744f61a02 -> 
  custom:container-demuxer-ogg: 62fdf1f143b41e24485cea50d1cbac27 -> 
  custom:video-encoder-webm-vp8: eb34c28f22e8b96e1ab97ce403110664 -> 
  custom:framework-osx-AVFoundation: e770b220cccbd017edd2c1fefb359320 -> 
  custom:video-decoder-webm-vp8: 9c59270c3fd7afecdb556c50c9e8de78 -> 
  custom:audio-decoder-ogg-vorbis: bf7c407c2cedff20999df2af8eb42d56 -> 
  custom:audio-encoder-webm-vorbis: bf7c407c2cedff20999df2af8eb42d56 -> 
========================================================================
Received Import Request.
  path: Assets/Prefabs/Mini Maze/tex_bois_noir.jpg
  artifactKey: Guid(d5bba1b6a4c5c498f9a889564e27775a) Importer(815301076,1909f56bfc062723c751e8b465ee728b)
Start importing Assets/Prefabs/Mini Maze/tex_bois_noir.jpg using Guid(d5bba1b6a4c5c498f9a889564e27775a) Importer(815301076,1909f56bfc062723c751e8b465ee728b)  -> (artifact id: '3e3fc5a7b768e0ac0b201a5173d3ad7c') in 1.267865 seconds 
  Import took 1.275560 seconds .

========================================================================
Received Import Request.
  Time since last request: 0.000231 seconds.
  path: Assets/Prefabs/Mini Maze/tex_bois_marron.jpg
  artifactKey: Guid(3a0123a2a2aef4f02913cae4fdebbf2c) Importer(815301076,1909f56bfc062723c751e8b465ee728b)
Start importing Assets/Prefabs/Mini Maze/tex_bois_marron.jpg using Guid(3a0123a2a2aef4f02913cae4fdebbf2c) Importer(815301076,1909f56bfc062723c751e8b465ee728b)  -> (artifact id: 'e013b6c044f07b03906fb47c1f4dd596') in 0.013970 seconds 
  Import took 0.020663 seconds .

========================================================================
Received Import Request.
  Time since last request: 0.000198 seconds.
  path: Assets/Prefabs/Mini Maze/export.obj
  artifactKey: Guid(22c0d54f24a3d4155ac7898644702233) Importer(815301076,1909f56bfc062723c751e8b465ee728b)
Start importing Assets/Prefabs/Mini Maze/export.obj using Guid(22c0d54f24a3d4155ac7898644702233) Importer(815301076,1909f56bfc062723c751e8b465ee728b)  -> (artifact id: '698399c264a587609e6fdd9c30fdf547') in 2.096820 seconds 
  Import took 2.102271 seconds .

========================================================================
Received Import Request.
  Time since last request: 0.000214 seconds.
  path: Assets/Prefabs/Mini Maze/tex_mapmonde.jpg
  artifactKey: Guid(28e26571e32b34128b6ea8d90ed081f3) Importer(815301076,1909f56bfc062723c751e8b465ee728b)
Start importing Assets/Prefabs/Mini Maze/tex_mapmonde.jpg using Guid(28e26571e32b34128b6ea8d90ed081f3) Importer(815301076,1909f56bfc062723c751e8b465ee728b)  -> (artifact id: '7155b5efcdc5152f5610f787cf6c72fd') in 0.010559 seconds 
  Import took 0.016141 seconds .

========================================================================
Received Import Request.
  Time since last request: 12.355152 seconds.
  path: Assets/Oculus/SampleFramework/Usage/SharedAssets/Prefabs/BillardBall10Pf.prefab
  artifactKey: Guid(83c6598d550f34048ad0ef6a989d4d73) Importer(815301076,1909f56bfc062723c751e8b465ee728b)
Start importing Assets/Oculus/SampleFramework/Usage/SharedAssets/Prefabs/BillardBall10Pf.prefab using Guid(83c6598d550f34048ad0ef6a989d4d73) Importer(815301076,1909f56bfc062723c751e8b465ee728b)  -> (artifact id: '151a4af0b17d14312408af6b43086de0') in 1.302088 seconds 
  Import took 1.308959 seconds .

========================================================================
Received Import Request.
  Time since last request: 0.000231 seconds.
  path: Assets/Oculus/SampleFramework/Core/DebugUI/Prefabs/DebugButton.prefab
  artifactKey: Guid(aa84e2bd72d699a4db1fe9b0b0186c33) Importer(815301076,1909f56bfc062723c751e8b465ee728b)
Start importing Assets/Oculus/SampleFramework/Core/DebugUI/Prefabs/DebugButton.prefab using Guid(aa84e2bd72d699a4db1fe9b0b0186c33) Importer(815301076,1909f56bfc062723c751e8b465ee728b)  -> (artifact id: '8892a839720e4bd2e563625569e9473d') in 0.040189 seconds 
  Import took 0.045618 seconds .

========================================================================
Received Import Request.
  Time since last request: 0.000206 seconds.
  path: Packages/com.unity.render-pipelines.core/Runtime/Debugging/Prefabs/Widgets/DebugUI EnumHistory.prefab
  artifactKey: Guid(b2da6b27df236b144b3516ed8e7d36ac) Importer(815301076,1909f56bfc062723c751e8b465ee728b)
Start importing Packages/com.unity.render-pipelines.core/Runtime/Debugging/Prefabs/Widgets/DebugUI EnumHistory.prefab using Guid(b2da6b27df236b144b3516ed8e7d36ac) Importer(815301076,1909f56bfc062723c751e8b465ee728b)  -> (artifact id: 'c457be37de7cf02ba5a2b8aa5cc95479') in 0.014249 seconds 
  Import took 0.018831 seconds .

========================================================================
Received Import Request.
  Time since last request: 0.000202 seconds.
  path: Packages/com.unity.render-pipelines.core/Runtime/Debugging/Prefabs/Widgets/DebugUI Group.prefab
  artifactKey: Guid(38a07789c9e87004dad98c2909f58369) Importer(815301076,1909f56bfc062723c751e8b465ee728b)
Start importing Packages/com.unity.render-pipelines.core/Runtime/Debugging/Prefabs/Widgets/DebugUI Group.prefab using Guid(38a07789c9e87004dad98c2909f58369) Importer(815301076,1909f56bfc062723c751e8b465ee728b)  -> (artifact id: '8afb502932e89a104398ec762f6073c7') in 0.015172 seconds 
  Import took 0.019998 seconds .

========================================================================
Received Import Request.
  Time since last request: 0.000219 seconds.
  path: Assets/Oculus/Voice/Demo/Prefabs/Environment.prefab
  artifactKey: Guid(0381539164984dc4ca193f001869c526) Importer(815301076,1909f56bfc062723c751e8b465ee728b)
Start importing Assets/Oculus/Voice/Demo/Prefabs/Environment.prefab using Guid(0381539164984dc4ca193f001869c526) Importer(815301076,1909f56bfc062723c751e8b465ee728b)  -> (artifact id: 'ae526fc314b1425d15e3cfab8a2f6652') in 0.005554 seconds 
  Import took 0.010507 seconds .

========================================================================
Received Import Request.
  Time since last request: 0.000242 seconds.
  path: Assets/Oculus/SampleFramework/Usage/Locomotion/Prefabs/BlockStepsPf.prefab
  artifactKey: Guid(fd005ef3a3dfd4934abbc1f8924bcabb) Importer(815301076,1909f56bfc062723c751e8b465ee728b)
Start importing Assets/Oculus/SampleFramework/Usage/Locomotion/Prefabs/BlockStepsPf.prefab using Guid(fd005ef3a3dfd4934abbc1f8924bcabb) Importer(815301076,1909f56bfc062723c751e8b465ee728b)  -> (artifact id: 'f35d04d0849cba8e9781406f8dc8e97c') in 0.161648 seconds 
  Import took 0.167359 seconds .

========================================================================
Received Import Request.
  Time since last request: 0.000269 seconds.
  path: Assets/Oculus/SampleFramework/Core/DebugUI/Prefabs/DebugSlider.prefab
  artifactKey: Guid(fd44cad6bf2970e47939ef98a48a9190) Importer(815301076,1909f56bfc062723c751e8b465ee728b)
Start importing Assets/Oculus/SampleFramework/Core/DebugUI/Prefabs/DebugSlider.prefab using Guid(fd44cad6bf2970e47939ef98a48a9190) Importer(815301076,1909f56bfc062723c751e8b465ee728b)  -> (artifact id: '1a57da337a2cc44c19e45baf1ae8bef4') in 0.043936 seconds 
  Import took 0.049201 seconds .

========================================================================
Received Import Request.
  Time since last request: 0.000225 seconds.
  path: Packages/com.unity.render-pipelines.core/Runtime/Debugging/Prefabs/Widgets/DebugUI Row.prefab
  artifactKey: Guid(2d019437ff89b8d44949727731cd9357) Importer(815301076,1909f56bfc062723c751e8b465ee728b)
Start importing Packages/com.unity.render-pipelines.core/Runtime/Debugging/Prefabs/Widgets/DebugUI Row.prefab using Guid(2d019437ff89b8d44949727731cd9357) Importer(815301076,1909f56bfc062723c751e8b465ee728b)  -> (artifact id: '17fe18e75ec0f2ff811eca3c93e59033') in 0.023294 seconds 
  Import took 0.028068 seconds .

========================================================================
Received Import Request.
  Time since last request: 0.000238 seconds.
  path: Packages/com.unity.render-pipelines.core/Runtime/Debugging/Prefabs/Widgets/DebugUI ToggleHistory.prefab
  artifactKey: Guid(5088d0220f0c4df439cf06c5c270eacb) Importer(815301076,1909f56bfc062723c751e8b465ee728b)
Start importing Packages/com.unity.render-pipelines.core/Runtime/Debugging/Prefabs/Widgets/DebugUI ToggleHistory.prefab using Guid(5088d0220f0c4df439cf06c5c270eacb) Importer(815301076,1909f56bfc062723c751e8b465ee728b)  -> (artifact id: 'c99603b12e42c656a7fb3cc69739c7c6') in 0.019493 seconds 
  Import took 0.024482 seconds .

========================================================================
Received Import Request.
  Time since last request: 0.000231 seconds.
  path: Packages/com.unity.render-pipelines.core/Runtime/Debugging/Prefabs/Widgets/DebugUI Foldout.prefab
  artifactKey: Guid(1c87ab2ce8b8b304d98fbe9a734b1f74) Importer(815301076,1909f56bfc062723c751e8b465ee728b)
Start importing Packages/com.unity.render-pipelines.core/Runtime/Debugging/Prefabs/Widgets/DebugUI Foldout.prefab using Guid(1c87ab2ce8b8b304d98fbe9a734b1f74) Importer(815301076,1909f56bfc062723c751e8b465ee728b)  -> (artifact id: '5c3fe7dcf3664f93d0d614910fcc21d1') in 0.006353 seconds 
  Import took 0.011810 seconds .

========================================================================
Received Import Request.
  Time since last request: 0.000230 seconds.
  path: Assets/Oculus/SampleFramework/Core/HandsInteraction/Prefabs/FingerTipPokeToolIndex.prefab
  artifactKey: Guid(54e898404b081ae438d0b5d097aae07a) Importer(815301076,1909f56bfc062723c751e8b465ee728b)
Start importing Assets/Oculus/SampleFramework/Core/HandsInteraction/Prefabs/FingerTipPokeToolIndex.prefab using Guid(54e898404b081ae438d0b5d097aae07a) Importer(815301076,1909f56bfc062723c751e8b465ee728b)  -> (artifact id: '9bd8614821c3477b4ae1315af0a6c468') in 0.018208 seconds 
  Import took 0.023401 seconds .

========================================================================
Received Import Request.
  Time since last request: 0.000237 seconds.
  path: Assets/Oculus/Avatar/Samples/LocalAvatar/Prefabs/GazeTargetSpawner.prefab
  artifactKey: Guid(93c8b27ca530be741a2ea419a122d453) Importer(815301076,1909f56bfc062723c751e8b465ee728b)
Start importing Assets/Oculus/Avatar/Samples/LocalAvatar/Prefabs/GazeTargetSpawner.prefab using Guid(93c8b27ca530be741a2ea419a122d453) Importer(815301076,1909f56bfc062723c751e8b465ee728b)  -> (artifact id: '3cb7c53d5b78d5d1de4aa3e597dd912c') in 0.006141 seconds 
  Import took 0.011115 seconds .

========================================================================
Received Import Request.
  Time since last request: 0.000206 seconds.
  path: Assets/Oculus/SampleFramework/Usage/Locomotion/Prefabs/ColumnGroupPf.prefab
  artifactKey: Guid(e8ca842e68fe94588952680b6360706a) Importer(815301076,1909f56bfc062723c751e8b465ee728b)
Start importing Assets/Oculus/SampleFramework/Usage/Locomotion/Prefabs/ColumnGroupPf.prefab using Guid(e8ca842e68fe94588952680b6360706a) Importer(815301076,1909f56bfc062723c751e8b465ee728b)  -> (artifact id: 'c84d6c3f50769a5fd8f6e936b7d214e2') in 0.080886 seconds 
  Import took 0.085894 seconds .

========================================================================
Received Import Request.
  Time since last request: 0.000223 seconds.
  path: Assets/Oculus/SampleFramework/Core/DebugUI/Prefabs/DebugDivider.prefab
  artifactKey: Guid(61d9c2baaf4c42944ae89394cdca96a1) Importer(815301076,1909f56bfc062723c751e8b465ee728b)
Start importing Assets/Oculus/SampleFramework/Core/DebugUI/Prefabs/DebugDivider.prefab using Guid(61d9c2baaf4c42944ae89394cdca96a1) Importer(815301076,1909f56bfc062723c751e8b465ee728b)  -> (artifact id: '9268f061859d5060124f8444847902ac') in 0.006561 seconds 
  Import took 0.011261 seconds .

========================================================================
Received Import Request.
  Time since last request: 0.000215 seconds.
  path: Packages/com.unity.render-pipelines.core/Runtime/Debugging/Prefabs/Widgets/DebugUI Panel.prefab
  artifactKey: Guid(daa46a58178a6ad41ae1ddc2dc7f856d) Importer(815301076,1909f56bfc062723c751e8b465ee728b)
Start importing Packages/com.unity.render-pipelines.core/Runtime/Debugging/Prefabs/Widgets/DebugUI Panel.prefab using Guid(daa46a58178a6ad41ae1ddc2dc7f856d) Importer(815301076,1909f56bfc062723c751e8b465ee728b)  -> (artifact id: '90525d92a120443c0a9abb3b8852cf22') in 0.015262 seconds 
  Import took 0.020558 seconds .

========================================================================
Received Import Request.
  Time since last request: 0.000247 seconds.
  path: Packages/com.unity.render-pipelines.core/Runtime/Debugging/Prefabs/Widgets/DebugUI UIntField.prefab
  artifactKey: Guid(f22bcc84a5f4a1944b075a2c4ac71493) Importer(815301076,1909f56bfc062723c751e8b465ee728b)
Start importing Packages/com.unity.render-pipelines.core/Runtime/Debugging/Prefabs/Widgets/DebugUI UIntField.prefab using Guid(f22bcc84a5f4a1944b075a2c4ac71493) Importer(815301076,1909f56bfc062723c751e8b465ee728b)  -> (artifact id: '6e7ef1215a9624305038a72f4993b689') in 0.005751 seconds 
  Import took 0.010715 seconds .

========================================================================
Received Import Request.
  Time since last request: 0.000236 seconds.
  path: Assets/Oculus/Spatializer/scenes/Standard Assets/Character Controllers/First Person Controller.prefab
  artifactKey: Guid(9d4133d5d30b644bd87802a347eaccbe) Importer(815301076,1909f56bfc062723c751e8b465ee728b)
Start importing Assets/Oculus/Spatializer/scenes/Standard Assets/Character Controllers/First Person Controller.prefab using Guid(9d4133d5d30b644bd87802a347eaccbe) Importer(815301076,1909f56bfc062723c751e8b465ee728b)  -> (artifact id: 'd26e3a9f3e9c25a61f1e8fe5e7bdb5bf') in 0.014430 seconds 
  Import took 0.018990 seconds .

========================================================================
Received Import Request.
  Time since last request: 0.000202 seconds.
  path: Packages/com.unity.render-pipelines.core/Runtime/Debugging/Prefabs/Widgets/DebugUI Button.prefab
  artifactKey: Guid(f6ce33b91f6ffe54cadacbf4bb112440) Importer(815301076,1909f56bfc062723c751e8b465ee728b)
Start importing Packages/com.unity.render-pipelines.core/Runtime/Debugging/Prefabs/Widgets/DebugUI Button.prefab using Guid(f6ce33b91f6ffe54cadacbf4bb112440) Importer(815301076,1909f56bfc062723c751e8b465ee728b)  -> (artifact id: 'f156d650df4486540cf57b67dcd83793') in 0.006290 seconds 
  Import took 0.011256 seconds .

========================================================================
Received Import Request.
  Time since last request: 0.000239 seconds.
  path: Assets/Oculus/SampleFramework/Usage/Locomotion/Prefabs/FloorWedgesPf.prefab
  artifactKey: Guid(6b318c3c761f24dba9610ec0451cba2b) Importer(815301076,1909f56bfc062723c751e8b465ee728b)
Start importing Assets/Oculus/SampleFramework/Usage/Locomotion/Prefabs/FloorWedgesPf.prefab using Guid(6b318c3c761f24dba9610ec0451cba2b) Importer(815301076,1909f56bfc062723c751e8b465ee728b)  -> (artifact id: '5b72179b92b2a7951a2508c8bb4ee266') in 0.139500 seconds 
  Import took 0.144677 seconds .

========================================================================
Received Import Request.
  Time since last request: 0.000219 seconds.
  path: Packages/com.unity.render-pipelines.core/Runtime/Debugging/Prefabs/Widgets/DebugUI EnumField.prefab
  artifactKey: Guid(988db55689193434fb0b3b89538f978f) Importer(815301076,1909f56bfc062723c751e8b465ee728b)
Start importing Packages/com.unity.render-pipelines.core/Runtime/Debugging/Prefabs/Widgets/DebugUI EnumField.prefab using Guid(988db55689193434fb0b3b89538f978f) Importer(815301076,1909f56bfc062723c751e8b465ee728b)  -> (artifact id: '9119d7ed84615a08aa72b310287aeada') in 0.006632 seconds 
  Import took 0.011603 seconds .

========================================================================
Received Import Request.
  Time since last request: 0.000298 seconds.
  path: Packages/com.unity.render-pipelines.core/Runtime/Debugging/Prefabs/Widgets/DebugUI BitField.prefab
  artifactKey: Guid(7c78b588b2e1f7c4a86ca4a985cf6e4a) Importer(815301076,1909f56bfc062723c751e8b465ee728b)
Start importing Packages/com.unity.render-pipelines.core/Runtime/Debugging/Prefabs/Widgets/DebugUI BitField.prefab using Guid(7c78b588b2e1f7c4a86ca4a985cf6e4a) Importer(815301076,1909f56bfc062723c751e8b465ee728b)  -> (artifact id: '5e67e8107717c4b5644a650f7cc15d06') in 0.016168 seconds 
  Import took 0.022383 seconds .

========================================================================
Received Import Request.
  Time since last request: 0.000238 seconds.
  path: Packages/com.unity.render-pipelines.core/Runtime/Debugging/Prefabs/Widgets/DebugUI Vector2.prefab
  artifactKey: Guid(326f7c58aed965d41bf7805a782d1e44) Importer(815301076,1909f56bfc062723c751e8b465ee728b)
Start importing Packages/com.unity.render-pipelines.core/Runtime/Debugging/Prefabs/Widgets/DebugUI Vector2.prefab using Guid(326f7c58aed965d41bf7805a782d1e44) Importer(815301076,1909f56bfc062723c751e8b465ee728b)  -> (artifact id: 'efaa9f02c5f33f6c3e48278ef1f378be') in 0.007876 seconds 
  Import took 0.013303 seconds .

========================================================================
Received Import Request.
  Time since last request: 0.000205 seconds.
  path: Assets/Oculus/SampleFramework/Usage/HandsTrainExample/Prefabs/FarFieldItems.prefab
  artifactKey: Guid(b5f108437e187c84b8cb3e1ad45ff7cc) Importer(815301076,1909f56bfc062723c751e8b465ee728b)
Start importing Assets/Oculus/SampleFramework/Usage/HandsTrainExample/Prefabs/FarFieldItems.prefab using Guid(b5f108437e187c84b8cb3e1ad45ff7cc) Importer(815301076,1909f56bfc062723c751e8b465ee728b)  -> (artifact id: '0fdfc84b35d3218dfbd4fd1691bf6183') in 0.195364 seconds 
  Import took 0.200613 seconds .

========================================================================
Received Import Request.
  Time since last request: 0.000206 seconds.
  path: Packages/com.unity.render-pipelines.core/Runtime/Debugging/Prefabs/Widgets/DebugUI Toggle.prefab
  artifactKey: Guid(ce347ad101f41ee4ab5c3fbc0ea447db) Importer(815301076,1909f56bfc062723c751e8b465ee728b)
Start importing Packages/com.unity.render-pipelines.core/Runtime/Debugging/Prefabs/Widgets/DebugUI Toggle.prefab using Guid(ce347ad101f41ee4ab5c3fbc0ea447db) Importer(815301076,1909f56bfc062723c751e8b465ee728b)  -> (artifact id: 'd54c056a84d15e05e20f7a2cf365953e') in 0.007217 seconds 
  Import took 0.012578 seconds .

========================================================================
Received Import Request.
  Time since last request: 0.000196 seconds.
  path: Assets/Oculus/SampleFramework/Core/DebugUI/Prefabs/DebugUITestCanvas.prefab
  artifactKey: Guid(fd91514fcd2ef484c8fbdbb2e2b504c0) Importer(815301076,1909f56bfc062723c751e8b465ee728b)
Start importing Assets/Oculus/SampleFramework/Core/DebugUI/Prefabs/DebugUITestCanvas.prefab using Guid(fd91514fcd2ef484c8fbdbb2e2b504c0) Importer(815301076,1909f56bfc062723c751e8b465ee728b)  -> (artifact id: 'a300e9cff7e1dc84a6770d73461ff658') in 0.027956 seconds 
  Import took 0.033474 seconds .

========================================================================
Received Import Request.
  Time since last request: 0.000219 seconds.
  path: Assets/Oculus/SampleFramework/Usage/Locomotion/Prefabs/CeilingWedgesPf.prefab
  artifactKey: Guid(7c69d9ce39cad438e91794f1c0f27778) Importer(815301076,1909f56bfc062723c751e8b465ee728b)
Start importing Assets/Oculus/SampleFramework/Usage/Locomotion/Prefabs/CeilingWedgesPf.prefab using Guid(7c69d9ce39cad438e91794f1c0f27778) Importer(815301076,1909f56bfc062723c751e8b465ee728b)  -> (artifact id: '2ae5beaaca621654186dd457080c61f3') in 0.099675 seconds 
  Import took 0.104462 seconds .

========================================================================
Received Import Request.
  Time since last request: 0.000198 seconds.
  path: Assets/Oculus/SampleFramework/Core/DebugUI/Prefabs/DebugTextField.prefab
  artifactKey: Guid(1af14ae596d9eeb4b8e4bd30a6c22ad3) Importer(815301076,1909f56bfc062723c751e8b465ee728b)
Start importing Assets/Oculus/SampleFramework/Core/DebugUI/Prefabs/DebugTextField.prefab using Guid(1af14ae596d9eeb4b8e4bd30a6c22ad3) Importer(815301076,1909f56bfc062723c751e8b465ee728b)  -> (artifact id: '5b28f42e95eb349923890c134cfb6701') in 0.015534 seconds 
  Import took 0.020314 seconds .

========================================================================
Received Import Request.
  Time since last request: 0.000200 seconds.
  path: Packages/com.unity.render-pipelines.core/Runtime/Debugging/Prefabs/Resources/DebugUI Persistent Canvas.prefab
  artifactKey: Guid(f6b1a0fe75d5009449cf55ae76220e2b) Importer(815301076,1909f56bfc062723c751e8b465ee728b)
Start importing Packages/com.unity.render-pipelines.core/Runtime/Debugging/Prefabs/Resources/DebugUI Persistent Canvas.prefab using Guid(f6b1a0fe75d5009449cf55ae76220e2b) Importer(815301076,1909f56bfc062723c751e8b465ee728b)  -> (artifact id: '0b8f9e2987def51d4df904719ce1e848') in 0.007810 seconds 
  Import took 0.013101 seconds .

========================================================================
Received Import Request.
  Time since last request: 0.000212 seconds.
  path: Assets/Oculus/Platform/Samples/VrHoops/Prefabs/FlyText.prefab
  artifactKey: Guid(bb4775eb616604e329b92c1b4dfbaa5f) Importer(815301076,1909f56bfc062723c751e8b465ee728b)
Start importing Assets/Oculus/Platform/Samples/VrHoops/Prefabs/FlyText.prefab using Guid(bb4775eb616604e329b92c1b4dfbaa5f) Importer(815301076,1909f56bfc062723c751e8b465ee728b)  -> (artifact id: '84b82b44dd8f71b50c085af3046926c1') in 0.006511 seconds 
  Import took 0.014071 seconds .

========================================================================
Received Import Request.
  Time since last request: 0.000233 seconds.
  path: Packages/com.unity.render-pipelines.core/Runtime/Debugging/Prefabs/Widgets/DebugUI Vector3.prefab
  artifactKey: Guid(94afea5f242d72547979595ba963f335) Importer(815301076,1909f56bfc062723c751e8b465ee728b)
Start importing Packages/com.unity.render-pipelines.core/Runtime/Debugging/Prefabs/Widgets/DebugUI Vector3.prefab using Guid(94afea5f242d72547979595ba963f335) Importer(815301076,1909f56bfc062723c751e8b465ee728b)  -> (artifact id: '427bd6a1d37020f428c30b798459a2f3') in 0.008252 seconds 
  Import took 0.013699 seconds .

========================================================================
Received Import Request.
  Time since last request: 0.000221 seconds.
  path: Assets/Oculus/SampleFramework/Core/DebugUI/Prefabs/DebugRadio.prefab
  artifactKey: Guid(a508804a6c02d1c44885f209b9996929) Importer(815301076,1909f56bfc062723c751e8b465ee728b)
Start importing Assets/Oculus/SampleFramework/Core/DebugUI/Prefabs/DebugRadio.prefab using Guid(a508804a6c02d1c44885f209b9996929) Importer(815301076,1909f56bfc062723c751e8b465ee728b)  -> (artifact id: '9972477938fd2312178ff752594e4cbc') in 0.008443 seconds 
  Import took 0.013693 seconds .

========================================================================
Received Import Request.
  Time since last request: 0.000217 seconds.
  path: Packages/com.unity.render-pipelines.core/Runtime/Debugging/Prefabs/Widgets/DebugUI HBox.prefab
  artifactKey: Guid(f7f5e36797cf0c1408561665c67b179b) Importer(815301076,1909f56bfc062723c751e8b465ee728b)
Start importing Packages/com.unity.render-pipelines.core/Runtime/Debugging/Prefabs/Widgets/DebugUI HBox.prefab using Guid(f7f5e36797cf0c1408561665c67b179b) Importer(815301076,1909f56bfc062723c751e8b465ee728b)  -> (artifact id: '30ef561e8ee6f42a9114aa364649d744') in 0.005378 seconds 
  Import took 0.009991 seconds .

========================================================================
Received Import Request.
  Time since last request: 0.000221 seconds.
  path: Assets/Oculus/SampleFramework/Usage/Locomotion/Prefabs/BridgePlatformPf.prefab
  artifactKey: Guid(d68710cb68b234fcdadef3ef873cd5c8) Importer(815301076,1909f56bfc062723c751e8b465ee728b)
Start importing Assets/Oculus/SampleFramework/Usage/Locomotion/Prefabs/BridgePlatformPf.prefab using Guid(d68710cb68b234fcdadef3ef873cd5c8) Importer(815301076,1909f56bfc062723c751e8b465ee728b)  -> (artifact id: '77412491c482cdd8f5137f5a22f7c58b') in 0.068741 seconds 
  Import took 0.073314 seconds .

========================================================================
Received Import Request.
  Time since last request: 0.000229 seconds.
  path: Assets/Oculus/Avatar/Samples/LocalAvatar/Prefabs/GazeTarget.prefab
  artifactKey: Guid(38d5bb078fd83c9428125e487bef4a1a) Importer(815301076,1909f56bfc062723c751e8b465ee728b)
Start importing Assets/Oculus/Avatar/Samples/LocalAvatar/Prefabs/GazeTarget.prefab using Guid(38d5bb078fd83c9428125e487bef4a1a) Importer(815301076,1909f56bfc062723c751e8b465ee728b)  -> (artifact id: '3fa95b247056b03b60ccd372dad72dc3') in 0.009093 seconds 
  Import took 0.014726 seconds .

========================================================================
Received Import Request.
  Time since last request: 0.000205 seconds.
  path: Assets/Oculus/SampleFramework/Core/DebugUI/Prefabs/DebugToggle.prefab
  artifactKey: Guid(8ff769690226dec4ea7ad1cea633b2c3) Importer(815301076,1909f56bfc062723c751e8b465ee728b)
Start importing Assets/Oculus/SampleFramework/Core/DebugUI/Prefabs/DebugToggle.prefab using Guid(8ff769690226dec4ea7ad1cea633b2c3) Importer(815301076,1909f56bfc062723c751e8b465ee728b)  -> (artifact id: 'b34c603f32ecd4641b58f40c3cfc2f69') in 0.005320 seconds 
  Import took 0.010431 seconds .

========================================================================
Received Import Request.
  Time since last request: 0.000245 seconds.
  path: Packages/com.unity.render-pipelines.core/Runtime/Debugging/Prefabs/Widgets/DebugUI Color.prefab
  artifactKey: Guid(77c185820dd1a464eac89cae3abccddf) Importer(815301076,1909f56bfc062723c751e8b465ee728b)
Start importing Packages/com.unity.render-pipelines.core/Runtime/Debugging/Prefabs/Widgets/DebugUI Color.prefab using Guid(77c185820dd1a464eac89cae3abccddf) Importer(815301076,1909f56bfc062723c751e8b465ee728b)  -> (artifact id: 'a105a046fba017d436298a8032bdb504') in 0.007851 seconds 
  Import took 0.013359 seconds .

========================================================================
Received Import Request.
  Time since last request: 0.000188 seconds.
  path: Assets/Oculus/SampleFramework/Usage/AppDeeplink/UI/DebugTextField.prefab
  artifactKey: Guid(ad318b8a60c4f774cbbf0d9e4d4fcca9) Importer(815301076,1909f56bfc062723c751e8b465ee728b)
Start importing Assets/Oculus/SampleFramework/Usage/AppDeeplink/UI/DebugTextField.prefab using Guid(ad318b8a60c4f774cbbf0d9e4d4fcca9) Importer(815301076,1909f56bfc062723c751e8b465ee728b)  -> (artifact id: 'aaefb7bea949857df9ac2397119a2136') in 0.005655 seconds 
  Import took 0.010778 seconds .

========================================================================
Received Import Request.
  Time since last request: 0.000220 seconds.
  path: Assets/Oculus/SampleFramework/Core/HandsInteraction/Prefabs/FingerTipPokeToolRing.prefab
  artifactKey: Guid(b6168aea9d5fbf2448d74ed414bdca3b) Importer(815301076,1909f56bfc062723c751e8b465ee728b)
Start importing Assets/Oculus/SampleFramework/Core/HandsInteraction/Prefabs/FingerTipPokeToolRing.prefab using Guid(b6168aea9d5fbf2448d74ed414bdca3b) Importer(815301076,1909f56bfc062723c751e8b465ee728b)  -> (artifact id: 'cdf5f03b812b54986f5bfee6214181e9') in 0.008728 seconds 
  Import took 0.014212 seconds .

========================================================================
Received Import Request.
  Time since last request: 0.000244 seconds.
  path: Assets/Oculus/SampleFramework/Core/DebugUI/Prefabs/DebugLabel.prefab
  artifactKey: Guid(b70f270c689802248940829a132bb9cc) Importer(815301076,1909f56bfc062723c751e8b465ee728b)
Start importing Assets/Oculus/SampleFramework/Core/DebugUI/Prefabs/DebugLabel.prefab using Guid(b70f270c689802248940829a132bb9cc) Importer(815301076,1909f56bfc062723c751e8b465ee728b)  -> (artifact id: '9c247b0ebb0da6d624539364541e14ac') in 0.006145 seconds 
  Import took 0.012888 seconds .

========================================================================
Received Import Request.
  Time since last request: 0.000196 seconds.
  path: Packages/com.unity.render-pipelines.core/Runtime/Debugging/Prefabs/Widgets/DebugUI Value.prefab
  artifactKey: Guid(dc0f88987826e6e48b1fe9c7c2b53a53) Importer(815301076,1909f56bfc062723c751e8b465ee728b)
Start importing Packages/com.unity.render-pipelines.core/Runtime/Debugging/Prefabs/Widgets/DebugUI Value.prefab using Guid(dc0f88987826e6e48b1fe9c7c2b53a53) Importer(815301076,1909f56bfc062723c751e8b465ee728b)  -> (artifact id: '0dcb3708e10b7415dd1a6a0234afcd77') in 0.005061 seconds 
  Import took 0.010615 seconds .

========================================================================
Received Import Request.
  Time since last request: 0.000236 seconds.
  path: Packages/com.unity.render-pipelines.core/Runtime/Debugging/Prefabs/Widgets/DebugUI Vector4.prefab
  artifactKey: Guid(d47f009476100f545971a81ede14c750) Importer(815301076,1909f56bfc062723c751e8b465ee728b)
Start importing Packages/com.unity.render-pipelines.core/Runtime/Debugging/Prefabs/Widgets/DebugUI Vector4.prefab using Guid(d47f009476100f545971a81ede14c750) Importer(815301076,1909f56bfc062723c751e8b465ee728b)  -> (artifact id: '022c47c48deae49cc5cdb54e57f566b1') in 0.008306 seconds 
  Import took 0.013214 seconds .

========================================================================
Received Import Request.
  Time since last request: 0.000216 seconds.
  path: Packages/com.unity.render-pipelines.core/Runtime/Debugging/Prefabs/Widgets/DebugUI IntField.prefab
  artifactKey: Guid(ae00bb75e0cd5b04b8fe7fb4ab662629) Importer(815301076,1909f56bfc062723c751e8b465ee728b)
Start importing Packages/com.unity.render-pipelines.core/Runtime/Debugging/Prefabs/Widgets/DebugUI IntField.prefab using Guid(ae00bb75e0cd5b04b8fe7fb4ab662629) Importer(815301076,1909f56bfc062723c751e8b465ee728b)  -> (artifact id: 'd4fe9ef0493d803b9ac90fc5d4755a35') in 0.005758 seconds 
  Import took 0.010592 seconds .

========================================================================
Received Import Request.
  Time since last request: 0.000241 seconds.
  path: Assets/Oculus/SampleFramework/Core/HandsInteraction/Prefabs/FingerTipPokeToolPinky.prefab
  artifactKey: Guid(d64b2e1f5538eca479e4bc093f451518) Importer(815301076,1909f56bfc062723c751e8b465ee728b)
Start importing Assets/Oculus/SampleFramework/Core/HandsInteraction/Prefabs/FingerTipPokeToolPinky.prefab using Guid(d64b2e1f5538eca479e4bc093f451518) Importer(815301076,1909f56bfc062723c751e8b465ee728b)  -> (artifact id: '2e79582f035002ba97e852a56591c5bd') in 0.010923 seconds 
  Import took 0.015795 seconds .

========================================================================
Received Import Request.
  Time since last request: 0.000249 seconds.
  path: Packages/com.unity.render-pipelines.core/Runtime/Debugging/Prefabs/Widgets/DebugUI FloatField.prefab
  artifactKey: Guid(7d4fd3415ea7dd64bbcfe13fb48a730b) Importer(815301076,1909f56bfc062723c751e8b465ee728b)
Start importing Packages/com.unity.render-pipelines.core/Runtime/Debugging/Prefabs/Widgets/DebugUI FloatField.prefab using Guid(7d4fd3415ea7dd64bbcfe13fb48a730b) Importer(815301076,1909f56bfc062723c751e8b465ee728b)  -> (artifact id: 'af04fb2b8f3c4fa2627fce2c7b55295e') in 0.006119 seconds 
  Import took 0.011181 seconds .

========================================================================
Received Import Request.
  Time since last request: 0.000226 seconds.
  path: Assets/Oculus/SampleFramework/Core/HandsInteraction/Prefabs/FingerTipPokeToolMiddle.prefab
  artifactKey: Guid(fa0335bbc63fc1b46b9b6d2b41d39f6d) Importer(815301076,1909f56bfc062723c751e8b465ee728b)
Start importing Assets/Oculus/SampleFramework/Core/HandsInteraction/Prefabs/FingerTipPokeToolMiddle.prefab using Guid(fa0335bbc63fc1b46b9b6d2b41d39f6d) Importer(815301076,1909f56bfc062723c751e8b465ee728b)  -> (artifact id: '87ff64a0c70d044ecaee54677c9efa3c') in 0.010170 seconds 
  Import took 0.014976 seconds .

========================================================================
Received Import Request.
  Time since last request: 0.000212 seconds.
  path: Packages/com.unity.render-pipelines.core/Runtime/Debugging/Prefabs/Widgets/DebugUI VBox.prefab
  artifactKey: Guid(ca3e294656861a64b8aeeb9f916da0a9) Importer(815301076,1909f56bfc062723c751e8b465ee728b)
Start importing Packages/com.unity.render-pipelines.core/Runtime/Debugging/Prefabs/Widgets/DebugUI VBox.prefab using Guid(ca3e294656861a64b8aeeb9f916da0a9) Importer(815301076,1909f56bfc062723c751e8b465ee728b)  -> (artifact id: 'fb8de8e2ea5ed85b6d2eabf816063ed0') in 0.005103 seconds 
  Import took 0.009988 seconds .

========================================================================
Received Import Request.
  Time since last request: 0.000211 seconds.
  path: Packages/com.unity.render-pipelines.core/Runtime/Debugging/Prefabs/Resources/DebugUI Canvas.prefab
  artifactKey: Guid(cf6cbdd672089a84796e55a21fed1cbe) Importer(815301076,1909f56bfc062723c751e8b465ee728b)
Start importing Packages/com.unity.render-pipelines.core/Runtime/Debugging/Prefabs/Resources/DebugUI Canvas.prefab using Guid(cf6cbdd672089a84796e55a21fed1cbe) Importer(815301076,1909f56bfc062723c751e8b465ee728b)  -> (artifact id: '43321f3fb00124ffc497d9f896f539d2') in 0.032436 seconds 
  Import took 0.038359 seconds .

========================================================================
Received Prepare
Shader 'Oculus/OVRMRCameraFrameLit': fallback shader 'Alpha-Diffuse' not found
Refreshing native plugins compatible for Editor in 9.59 ms, found 6 plugins.
Preloading 1 native plugins for Editor in 0.82 ms.
Unloading 39 Unused Serialized files (Serialized files now loaded: 0)
System memory in use before: 184.0 MB.
System memory in use after: 183.9 MB.

Unloading 44 unused Assets to reduce memory usage. Loaded Objects now: 3485.
Total: 2.984850 ms (FindLiveObjects: 0.323136 ms CreateObjectMapping: 0.154534 ms MarkObjects: 2.191449 ms  DeleteObjects: 0.315046 ms)

AssetImportParameters requested are different than current active one (requested -> active):
  custom:video-decoder-ogg-theora: a1e56fd34408186e4bbccfd4996cb3dc -> 
  custom:container-muxer-webm: aa71ff27fc2769a1b78a27578f13a17b -> 
  custom:container-demuxer-webm: 4f35f7cbe854078d1ac9338744f61a02 -> 
  custom:container-demuxer-ogg: 62fdf1f143b41e24485cea50d1cbac27 -> 
  custom:video-encoder-webm-vp8: eb34c28f22e8b96e1ab97ce403110664 -> 
  custom:framework-osx-AVFoundation: e770b220cccbd017edd2c1fefb359320 -> 
  custom:video-decoder-webm-vp8: 9c59270c3fd7afecdb556c50c9e8de78 -> 
  custom:audio-decoder-ogg-vorbis: bf7c407c2cedff20999df2af8eb42d56 -> 
  custom:audio-encoder-webm-vorbis: bf7c407c2cedff20999df2af8eb42d56 -> 
========================================================================
Received Prepare
Registering precompiled user dll's ...
Registered in 0.099068 seconds.
Begin MonoManager ReloadAssembly
Native extension for OSXStandalone target not found
Refreshing native plugins compatible for Editor in 0.83 ms, found 6 plugins.
Preloading 1 native plugins for Editor in 0.52 ms.
Mono: successfully reloaded assembly
- Completed reload, in  1.387 seconds
Platform modules already initialized, skipping
Switching build target platform(2) subTarget(0) extendedPlatform(0) -> platform(13) subTarget(524288) extendedPlatform(0)
Shader 'Oculus/OVRMRCameraFrameLit': fallback shader 'Alpha-Diffuse' not found
Refreshing native plugins compatible for Editor in 1.02 ms, found 6 plugins.
Preloading 1 native plugins for Editor in 0.74 ms.
Unloading 2930 Unused Serialized files (Serialized files now loaded: 0)
System memory in use before: 230.7 MB.
System memory in use after: 230.6 MB.

Unloading 42 unused Assets to reduce memory usage. Loaded Objects now: 3489.
Total: 3.380330 ms (FindLiveObjects: 0.394452 ms CreateObjectMapping: 0.211610 ms MarkObjects: 2.419603 ms  DeleteObjects: 0.353196 ms)

AssetImportParameters requested are different than current active one (requested -> active):
  custom:video-decoder-ogg-theora: a1e56fd34408186e4bbccfd4996cb3dc -> 
  custom:container-muxer-webm: aa71ff27fc2769a1b78a27578f13a17b -> 
  custom:container-demuxer-webm: 4f35f7cbe854078d1ac9338744f61a02 -> 
  custom:container-demuxer-ogg: 62fdf1f143b41e24485cea50d1cbac27 -> 
  custom:video-encoder-webm-vp8: eb34c28f22e8b96e1ab97ce403110664 -> 
  custom:framework-osx-AVFoundation: e770b220cccbd017edd2c1fefb359320 -> 
  custom:video-decoder-webm-vp8: 9c59270c3fd7afecdb556c50c9e8de78 -> 
  custom:graphics/normal-map-encoding: 01000000000000000000000000000000 -> 02000000000000000000000000000000
  custom:audio-decoder-ogg-vorbis: bf7c407c2cedff20999df2af8eb42d56 -> 
  custom:audio-encoder-webm-vorbis: bf7c407c2cedff20999df2af8eb42d56 -> 
AssetImportWorkerClient::OnTransportError - code=2 error=End of file
