Using pre-set license

 COMMAND LINE ARGUMENTS:
/Users/kuanyiwu/Documents/GitHub/2020.3.13f1/Unity.app/Contents/MacOS/Unity
-adb2
-batchMode
-noUpm
-name
AssetImportWorker0
-projectPath
/Users/kuanyiwu/Documents/GitHub/XReality/Workshops/Game Projects/VR Workshop/VRWorkshop/VR Setup_02
-logFile
Logs/AssetImportWorker0.log
-srvPort
55371
Successfully changed project path to: /Users/kuanyiwu/Documents/GitHub/XReality/Workshops/Game Projects/VR Workshop/VRWorkshop/VR Setup_02
/Users/kuanyiwu/Documents/GitHub/XReality/Workshops/Game Projects/VR Workshop/VRWorkshop/VR Setup_02
Using Asset Import Pipeline V2.
Refreshing native plugins compatible for Editor in 355.34 ms, found 6 plugins.
Preloading 1 native plugins for Editor in 10.37 ms.
Initialize engine version: 2020.3.13f1 (71691879b7f5)
[Subsystems] Discovering subsystems at path /Users/kuanyiwu/Documents/GitHub/2020.3.13f1/Unity.app/Contents/Resources/UnitySubsystems
[Subsystems] Discovering subsystems at path /Users/kuanyiwu/Documents/GitHub/XReality/Workshops/Game Projects/VR Workshop/VRWorkshop/VR Setup_02/Assets
GfxDevice: creating device client; threaded=0
2022-01-03 16:54:57.548 Unity[5603:241744] Color LCD preferred device: AMD Radeon Pro Vega 20 (high power)
2022-01-03 16:54:57.548 Unity[5603:241744] Metal devices available: 2
2022-01-03 16:54:57.548 Unity[5603:241744] 0: AMD Radeon Pro Vega 20 (high power)
2022-01-03 16:54:57.548 Unity[5603:241744] 1: Intel(R) UHD Graphics 630 (low power)
2022-01-03 16:54:57.548 Unity[5603:241744] Using device AMD Radeon Pro Vega 20 (high power)
Initializing Metal device caps: AMD Radeon Pro Vega 20
Shader 'Oculus/OVRMRCameraFrameLit': fallback shader 'Alpha-Diffuse' not found
Initialize mono
Mono path[0] = '/Users/kuanyiwu/Documents/GitHub/2020.3.13f1/Unity.app/Contents/Managed'
Mono path[1] = '/Users/kuanyiwu/Documents/GitHub/2020.3.13f1/Unity.app/Contents/MonoBleedingEdge/lib/mono/unityjit'
Mono config path = '/Users/kuanyiwu/Documents/GitHub/2020.3.13f1/Unity.app/Contents/MonoBleedingEdge/etc'
Using monoOptions --debugger-agent=transport=dt_socket,embedding=1,server=y,suspend=n,address=127.0.0.1:56603
Begin MonoManager ReloadAssembly
Registering precompiled unity dll's ...
Register platform support module: /Users/kuanyiwu/Documents/GitHub/2020.3.13f1/Unity.app/Contents/PlaybackEngines/MacStandaloneSupport/UnityEditor.OSXStandalone.Extensions.dll
Registered in 0.007049 seconds.
Native extension for OSXStandalone target not found
Refreshing native plugins compatible for Editor in 77.59 ms, found 6 plugins.
Preloading 1 native plugins for Editor in 0.67 ms.
Mono: successfully reloaded assembly
- Completed reload, in  5.448 seconds
Platform modules already initialized, skipping
Registering precompiled user dll's ...
Registered in 0.037816 seconds.
Begin MonoManager ReloadAssembly
Native extension for OSXStandalone target not found
Refreshing native plugins compatible for Editor in 58.56 ms, found 6 plugins.
Preloading 1 native plugins for Editor in 0.56 ms.
Mono: successfully reloaded assembly
- Completed reload, in  1.623 seconds
Platform modules already initialized, skipping
========================================================================
Worker process is ready to serve import requests
Shader 'Oculus/OVRMRCameraFrameLit': fallback shader 'Alpha-Diffuse' not found
Launching external process: /Users/kuanyiwu/Documents/GitHub/2020.3.13f1/Unity.app/Contents/Tools/UnityShaderCompiler
Launched and connected shader compiler UnityShaderCompiler after 0.02 seconds
Refreshing native plugins compatible for Editor in 0.88 ms, found 6 plugins.
Preloading 1 native plugins for Editor in 0.65 ms.
Unloading 3015 Unused Serialized files (Serialized files now loaded: 0)
System memory in use before: 226.2 MB.
System memory in use after: 226.0 MB.

Unloading 47 unused Assets to reduce memory usage. Loaded Objects now: 3436.
Total: 3.148625 ms (FindLiveObjects: 0.349417 ms CreateObjectMapping: 0.171166 ms MarkObjects: 2.249077 ms  DeleteObjects: 0.377951 ms)

AssetImportParameters requested are different than current active one (requested -> active):
  custom:video-decoder-ogg-theora: a1e56fd34408186e4bbccfd4996cb3dc -> 
  custom:container-muxer-webm: aa71ff27fc2769a1b78a27578f13a17b -> 
  custom:container-demuxer-webm: 4f35f7cbe854078d1ac9338744f61a02 -> 
  custom:container-demuxer-ogg: 62fdf1f143b41e24485cea50d1cbac27 -> 
  custom:video-encoder-webm-vp8: eb34c28f22e8b96e1ab97ce403110664 -> 
  custom:framework-osx-AVFoundation: e770b220cccbd017edd2c1fefb359320 -> 
  custom:video-decoder-webm-vp8: 9c59270c3fd7afecdb556c50c9e8de78 -> 
  custom:audio-decoder-ogg-vorbis: bf7c407c2cedff20999df2af8eb42d56 -> 
  custom:audio-encoder-webm-vorbis: bf7c407c2cedff20999df2af8eb42d56 -> 
========================================================================
Received Import Request.
  path: Assets/Prefabs/DistanceGrabPlayerController.prefab
  artifactKey: Guid(c929e288ccc654cf0938ddfb4341d147) Importer(815301076,1909f56bfc062723c751e8b465ee728b)
Start importing Assets/Prefabs/DistanceGrabPlayerController.prefab using Guid(c929e288ccc654cf0938ddfb4341d147) Importer(815301076,1909f56bfc062723c751e8b465ee728b)  -> (artifact id: '02d87a09ff6569cb78323392ad982015') in 1.591107 seconds 
  Import took 1.602210 seconds .

========================================================================
Received Import Request.
  Time since last request: 0.000223 seconds.
  path: Assets/Prefabs/Environment.prefab
  artifactKey: Guid(06fb0de0606da42dea39e27b377c23db) Importer(815301076,1909f56bfc062723c751e8b465ee728b)
Start importing Assets/Prefabs/Environment.prefab using Guid(06fb0de0606da42dea39e27b377c23db) Importer(815301076,1909f56bfc062723c751e8b465ee728b)  -> (artifact id: 'e727ee1902ceee73704ebf0d0494d1c8') in 0.031427 seconds 
  Import took 0.039077 seconds .

