Using pre-set license

 COMMAND LINE ARGUMENTS:
/Users/kuanyiwu/Documents/GitHub/2020.3.13f1/Unity.app/Contents/MacOS/Unity
-adb2
-batchMode
-noUpm
-name
AssetImportWorker0
-projectPath
/Users/kuanyiwu/Documents/GitHub/XReality/Workshops/Game Projects/VR Workshop/VRWorkshop/VR Setup_02
-logFile
Logs/AssetImportWorker0.log
-srvPort
57038
Successfully changed project path to: /Users/kuanyiwu/Documents/GitHub/XReality/Workshops/Game Projects/VR Workshop/VRWorkshop/VR Setup_02
/Users/kuanyiwu/Documents/GitHub/XReality/Workshops/Game Projects/VR Workshop/VRWorkshop/VR Setup_02
Using Asset Import Pipeline V2.
Refreshing native plugins compatible for Editor in 172.42 ms, found 6 plugins.
Preloading 1 native plugins for Editor in 10.79 ms.
Initialize engine version: 2020.3.13f1 (71691879b7f5)
[Subsystems] Discovering subsystems at path /Users/kuanyiwu/Documents/GitHub/2020.3.13f1/Unity.app/Contents/Resources/UnitySubsystems
[Subsystems] Discovering subsystems at path /Users/kuanyiwu/Documents/GitHub/XReality/Workshops/Game Projects/VR Workshop/VRWorkshop/VR Setup_02/Assets
GfxDevice: creating device client; threaded=0
2021-12-04 10:59:21.016 Unity[3689:154336] Color LCD preferred device: AMD Radeon Pro Vega 20 (high power)
2021-12-04 10:59:21.016 Unity[3689:154336] Metal devices available: 2
2021-12-04 10:59:21.016 Unity[3689:154336] 0: AMD Radeon Pro Vega 20 (high power)
2021-12-04 10:59:21.016 Unity[3689:154336] 1: Intel(R) UHD Graphics 630 (low power)
2021-12-04 10:59:21.016 Unity[3689:154336] Using device AMD Radeon Pro Vega 20 (high power)
Initializing Metal device caps: AMD Radeon Pro Vega 20
Shader 'Oculus/OVRMRCameraFrameLit': fallback shader 'Alpha-Diffuse' not found
Initialize mono
Mono path[0] = '/Users/kuanyiwu/Documents/GitHub/2020.3.13f1/Unity.app/Contents/Managed'
Mono path[1] = '/Users/kuanyiwu/Documents/GitHub/2020.3.13f1/Unity.app/Contents/MonoBleedingEdge/lib/mono/unityjit'
Mono config path = '/Users/kuanyiwu/Documents/GitHub/2020.3.13f1/Unity.app/Contents/MonoBleedingEdge/etc'
Using monoOptions --debugger-agent=transport=dt_socket,embedding=1,server=y,suspend=n,address=127.0.0.1:56689
Begin MonoManager ReloadAssembly
Registering precompiled unity dll's ...
Register platform support module: /Users/kuanyiwu/Documents/GitHub/2020.3.13f1/Unity.app/Contents/PlaybackEngines/MacStandaloneSupport/UnityEditor.OSXStandalone.Extensions.dll
Registered in 0.002339 seconds.
Native extension for OSXStandalone target not found
Refreshing native plugins compatible for Editor in 67.23 ms, found 6 plugins.
Preloading 1 native plugins for Editor in 0.76 ms.
Mono: successfully reloaded assembly
- Completed reload, in  4.952 seconds
Platform modules already initialized, skipping
Registering precompiled user dll's ...
Registered in 0.023601 seconds.
Begin MonoManager ReloadAssembly
Symbol file data-0x7f9e57c02400 doesn't match image /Users/kuanyiwu/Documents/GitHub/XReality/Workshops/Game Projects/VR Workshop/VRWorkshop/VR Setup_02/Library/ScriptAssemblies/Assembly-CSharp-Editor.dll
Symbol file LoadedFromMemory is not a mono symbol file
Native extension for OSXStandalone target not found
Refreshing native plugins compatible for Editor in 0.78 ms, found 6 plugins.
Preloading 1 native plugins for Editor in 0.75 ms.
Mono: successfully reloaded assembly
- Completed reload, in  1.820 seconds
Platform modules already initialized, skipping
========================================================================
Worker process is ready to serve import requests
Shader 'Oculus/OVRMRCameraFrameLit': fallback shader 'Alpha-Diffuse' not found
Launching external process: /Users/kuanyiwu/Documents/GitHub/2020.3.13f1/Unity.app/Contents/Tools/UnityShaderCompiler
Launched and connected shader compiler UnityShaderCompiler after 0.02 seconds
Refreshing native plugins compatible for Editor in 0.94 ms, found 6 plugins.
Preloading 1 native plugins for Editor in 0.79 ms.
Unloading 2204 Unused Serialized files (Serialized files now loaded: 0)
System memory in use before: 192.1 MB.
System memory in use after: 191.9 MB.

Unloading 46 unused Assets to reduce memory usage. Loaded Objects now: 2622.
Total: 4.192050 ms (FindLiveObjects: 0.347908 ms CreateObjectMapping: 0.125949 ms MarkObjects: 3.135936 ms  DeleteObjects: 0.578563 ms)

AssetImportParameters requested are different than current active one (requested -> active):
  custom:video-decoder-ogg-theora: a1e56fd34408186e4bbccfd4996cb3dc -> 
  custom:container-muxer-webm: aa71ff27fc2769a1b78a27578f13a17b -> 
  custom:container-demuxer-webm: 4f35f7cbe854078d1ac9338744f61a02 -> 
  custom:container-demuxer-ogg: 62fdf1f143b41e24485cea50d1cbac27 -> 
  custom:video-encoder-webm-vp8: eb34c28f22e8b96e1ab97ce403110664 -> 
  custom:framework-osx-AVFoundation: e770b220cccbd017edd2c1fefb359320 -> 
  custom:video-decoder-webm-vp8: 9c59270c3fd7afecdb556c50c9e8de78 -> 
  custom:audio-decoder-ogg-vorbis: bf7c407c2cedff20999df2af8eb42d56 -> 
  custom:audio-encoder-webm-vorbis: bf7c407c2cedff20999df2af8eb42d56 -> 
========================================================================
Received Import Request.
  path: Assets/Oculus/SampleFramework/Usage/DistanceGrab
  artifactKey: Guid(6bfcbb1c403d9724d973b8a420e73a68) Importer(815301076,1909f56bfc062723c751e8b465ee728b)
Start importing Assets/Oculus/SampleFramework/Usage/DistanceGrab using Guid(6bfcbb1c403d9724d973b8a420e73a68) Importer(815301076,1909f56bfc062723c751e8b465ee728b)  -> (artifact id: '8fe1570855fe7948a0f9c3dd38a045d3') in 0.007559 seconds 
  Import took 0.012415 seconds .

========================================================================
Received Import Request.
  Time since last request: 239.399868 seconds.
  path: Assets/Scenes/Movement_Level_1_Demo.unity
  artifactKey: Guid(483e15753d7b042f689be025fa0d603e) Importer(815301076,1909f56bfc062723c751e8b465ee728b)
Start importing Assets/Scenes/Movement_Level_1_Demo.unity using Guid(483e15753d7b042f689be025fa0d603e) Importer(815301076,1909f56bfc062723c751e8b465ee728b)  -> (artifact id: '67be296468ec16f60045a32c7145cc0a') in 0.013615 seconds 
  Import took 0.018767 seconds .

========================================================================
Received Import Request.
  Time since last request: 4.414928 seconds.
  path: Assets/Scenes/Movement_1.unity
  artifactKey: Guid(d0ab7e8305cf14de18ebf32205422876) Importer(815301076,1909f56bfc062723c751e8b465ee728b)
Start importing Assets/Scenes/Movement_1.unity using Guid(d0ab7e8305cf14de18ebf32205422876) Importer(815301076,1909f56bfc062723c751e8b465ee728b)  -> (artifact id: '8b3f3be513d5a782f788a366ebcee458') in 0.003199 seconds 
  Import took 0.008554 seconds .

